<?xml version="1.0" encoding="UTF-8"?>
<testsuite xmlns:xsi="http://www.w3.org/2001/XMLSchema-instance" xsi:noNamespaceSchemaLocation="https://maven.apache.org/surefire/maven-surefire-plugin/xsd/surefire-test-report.xsd" version="3.0.2" name="es.upm.grise.profundizacion.cruiseControl.CruiseControlTest" time="0.56" tests="5" errors="0" skipped="0" failures="0">
  <properties>
[...]
</properties>
  <testcase name="setSpeedSetBelowZeroThrowsIncorrectSpeedSetException" classname="es.upm.grise.profundizacion.cruiseControl.CruiseControlTest" time="0.479"/>
  <testcase name="setSpeedSetAboveSpeedLimitThrowsException" classname="es.upm.grise.profundizacion.cruiseControl.CruiseControlTest" time="0.0"/>
  <testcase name="setSpeedSetEqualToSpeedLimitAllowed" classname="es.upm.grise.profundizacion.cruiseControl.CruiseControlTest" time="0.0"/>
  <testcase name="setSpeedSetValidValueStoresIt" classname="es.upm.grise.profundizacion.cruiseControl.CruiseControlTest" time="0.0"/>
  <testcase name="setSpeedSetZeroThrowsIncorrectSpeedSetException" classname="es.upm.grise.profundizacion.cruiseControl.CruiseControlTest" time="0.0"/>
</testsuite>